Sept 19, 2024 12:15:26 PM com.wg.banking.service.AccountDetailsService getAllAccountDetails
SEVERE: null
Sept 19, 2024 12:15:26 PM com.wg.banking.service.AccountDetailsService getAllAccountDetails
SEVERE: null
Sept 19, 2024 12:15:27 PM com.wg.banking.service.AccountService getAccount
SEVERE: Database error
Sept 19, 2024 12:15:27 PM com.wg.banking.service.AccountService getAllAccounts
SEVERE: Database error
Sept 19, 2024 12:15:27 PM com.wg.banking.service.AccountService getAccount
SEVERE: Database error
Sept 19, 2024 12:15:27 PM com.wg.banking.service.ClosedAccountsService getAllClosedAccounts
SEVERE: null
Sept 19, 2024 12:15:27 PM com.wg.banking.service.ClosedAccountsService addClosedAccounts
SEVERE: null
Sept 19, 2024 12:15:27 PM com.wg.banking.service.ClosedAccountsService getClosedAccount
SEVERE: null
Sept 19, 2024 12:15:27 PM com.wg.banking.service.IssueService getAllIssues
SEVERE: null
Sept 19, 2024 12:15:27 PM com.wg.banking.service.IssueService getAllIssues
SEVERE: null
Sept 19, 2024 12:15:27 PM com.wg.banking.service.IssueService getIssueById
SEVERE: null
Sept 19, 2024 12:15:29 PM com.wg.banking.service.UserService getUserById
SEVERE: Database error
Sept 19, 2024 12:15:40 PM com.wg.banking.controller.LoginController authenticateUser
INFO: User Authenticated Successfully !
Username: admin

Sept 19, 2024 1:16:34 PM com.wg.banking.service.UserService getUserById
SEVERE: Database error
Sept 19, 2024 1:16:35 PM com.wg.banking.service.AccountService getAccount
SEVERE: Database error
Sept 19, 2024 1:16:35 PM com.wg.banking.service.AccountService getAllAccounts
SEVERE: Database error
Sept 19, 2024 1:16:35 PM com.wg.banking.service.AccountService getAccount
SEVERE: Database error
Sept 19, 2024 1:16:35 PM com.wg.banking.service.ClosedAccountsService getAllClosedAccounts
SEVERE: null
Sept 19, 2024 1:16:35 PM com.wg.banking.service.ClosedAccountsService addClosedAccounts
SEVERE: null
Sept 19, 2024 1:16:35 PM com.wg.banking.service.ClosedAccountsService getClosedAccount
SEVERE: null
Sept 19, 2024 1:16:35 PM com.wg.banking.service.IssueService getAllIssues
SEVERE: null
Sept 19, 2024 1:16:35 PM com.wg.banking.service.IssueService getAllIssues
SEVERE: null
Sept 19, 2024 1:16:35 PM com.wg.banking.service.IssueService getIssueById
SEVERE: null
Sept 19, 2024 9:18:01 PM com.wg.banking.controller.LoginController authenticateUser
INFO: User Authenticated Successfully !
Username: admin

Sept 19, 2024 9:18:53 PM com.wg.banking.controller.LoginController authenticateUser
SEVERE: User Authentication Failed!! 
 Username: asofi
Invalid Credentials!
Sept 20, 2024 8:04:17 AM com.wg.banking.controller.LoginController authenticateUser
INFO: User Authenticated Successfully !
Username: admin

Sept 20, 2024 2:16:51 PM com.wg.banking.service.AccountDetailsService getAllAccountDetails
SEVERE: null
Sept 20, 2024 2:16:51 PM com.wg.banking.service.AccountDetailsService getAllAccountDetails
SEVERE: null
Sept 23, 2024 10:21:06 AM com.wg.banking.controller.LoginController authenticateUser
SEVERE: User Authentication Failed!! 
 Username: sfkalfna
Invalid Credentials!
Sept 23, 2024 10:23:52 AM com.wg.banking.controller.LoginController authenticateUser
INFO: User Authenticated Successfully !
Username: admin

Sept 23, 2024 10:24:59 AM com.wg.banking.service.AccountService getAccount
SEVERE: Database error
Sept 23, 2024 10:24:59 AM com.wg.banking.service.AccountService getAllAccounts
SEVERE: Database error
Sept 23, 2024 10:24:59 AM com.wg.banking.service.AccountService getAccount
SEVERE: Database error
Sept 23, 2024 10:25:01 AM com.wg.banking.service.AccountDetailsService getAllAccountDetails
SEVERE: null
Sept 23, 2024 10:25:01 AM com.wg.banking.service.AccountDetailsService getAllAccountDetails
SEVERE: null
Sept 23, 2024 10:25:01 AM com.wg.banking.service.ClosedAccountsService getAllClosedAccounts
SEVERE: null
Sept 23, 2024 10:25:01 AM com.wg.banking.service.ClosedAccountsService addClosedAccounts
SEVERE: null
Sept 23, 2024 10:25:01 AM com.wg.banking.service.ClosedAccountsService getClosedAccount
SEVERE: null
Sept 23, 2024 10:25:01 AM com.wg.banking.service.IssueService getAllIssues
SEVERE: null
Sept 23, 2024 10:25:01 AM com.wg.banking.service.IssueService getAllIssues
SEVERE: null
Sept 23, 2024 10:25:01 AM com.wg.banking.service.IssueService getIssueById
SEVERE: null
Sept 23, 2024 10:25:02 AM com.wg.banking.service.UserService getUserById
SEVERE: Database error
Sept 23, 2024 10:25:10 AM com.wg.banking.service.AccountDetailsService getAllAccountDetails
SEVERE: null
Sept 23, 2024 10:25:10 AM com.wg.banking.service.AccountDetailsService getAllAccountDetails
SEVERE: null
Sept 23, 2024 10:25:10 AM com.wg.banking.service.UserService getUserById
SEVERE: Database error
Sept 23, 2024 10:25:11 AM com.wg.banking.service.IssueService getAllIssues
SEVERE: null
Sept 23, 2024 10:25:11 AM com.wg.banking.service.IssueService getAllIssues
SEVERE: null
Sept 23, 2024 10:25:11 AM com.wg.banking.service.IssueService getIssueById
SEVERE: null
Sept 23, 2024 10:25:11 AM com.wg.banking.service.ClosedAccountsService getAllClosedAccounts
SEVERE: null
Sept 23, 2024 10:25:11 AM com.wg.banking.service.ClosedAccountsService addClosedAccounts
SEVERE: null
Sept 23, 2024 10:25:11 AM com.wg.banking.service.ClosedAccountsService getClosedAccount
SEVERE: null
Sept 23, 2024 10:25:11 AM com.wg.banking.service.AccountService getAccount
SEVERE: Database error
Sept 23, 2024 10:25:11 AM com.wg.banking.service.AccountService getAllAccounts
SEVERE: Database error
Sept 23, 2024 10:25:11 AM com.wg.banking.service.AccountService getAccount
SEVERE: Database error
Sept 23, 2024 10:25:32 AM com.wg.banking.service.AccountDetailsService getAllAccountDetails
SEVERE: null
Sept 23, 2024 10:25:32 AM com.wg.banking.service.AccountDetailsService getAllAccountDetails
SEVERE: null
Sept 23, 2024 10:25:32 AM com.wg.banking.service.AccountService getAccount
SEVERE: Database error
Sept 23, 2024 10:25:32 AM com.wg.banking.service.AccountService getAllAccounts
SEVERE: Database error
Sept 23, 2024 10:25:32 AM com.wg.banking.service.AccountService getAccount
SEVERE: Database error
Sept 23, 2024 10:25:32 AM com.wg.banking.service.ClosedAccountsService getAllClosedAccounts
SEVERE: null
Sept 23, 2024 10:25:32 AM com.wg.banking.service.ClosedAccountsService addClosedAccounts
SEVERE: null
Sept 23, 2024 10:25:32 AM com.wg.banking.service.ClosedAccountsService getClosedAccount
SEVERE: null
Sept 23, 2024 10:25:32 AM com.wg.banking.service.IssueService getAllIssues
SEVERE: null
Sept 23, 2024 10:25:32 AM com.wg.banking.service.IssueService getAllIssues
SEVERE: null
Sept 23, 2024 10:25:32 AM com.wg.banking.service.IssueService getIssueById
SEVERE: null
Sept 23, 2024 10:25:33 AM com.wg.banking.service.UserService getUserById
SEVERE: Database error
Sept 23, 2024 5:32:25 PM com.wg.banking.controller.LoginController authenticateUser
SEVERE: User Authentication Failed!! 
 Username: admin --
Invalid Credentials!
Sept 23, 2024 5:32:33 PM com.wg.banking.service.ClosedAccountsService getClosedAccount
SEVERE: You have an error in your SQL syntax; check the manual that corresponds to your MySQL server version for the right syntax to use near ''admin -- ''' at line 1
Sept 23, 2024 5:32:33 PM com.wg.banking.controller.LoginController authenticateUser
SEVERE: User Authentication Failed!! 
 Username: admin -- '
Invalid Credentials!
